<?xml version="1.0" encoding="UTF-8"?>
<!-- Generated by org.testng.reporters.JUnitReportReporter -->
<testsuite hostname="CHFNT0008" failures="0" tests="4" name="Selenium.TestNG.TestCase1" time="-1672751488.000" errors="1" timestamp="2023-01-03T10:12:21 UYT" skipped="3">
  <testcase classname="Selenium.TestNG.TestCase1" name="beforeTest" time="-1672751488.000">
    <error message="
Parameter &#039;URL&#039; is required by BeforeTest on method beforeTest but has not been marked @Optional or defined
in C:\Users\adelpino.CHF\AppData\Local\Temp\testng-eclipse-578812805\testng-customsuite.xml" type="org.testng.TestNGException">
      <![CDATA[org.testng.TestNGException: 
Parameter 'URL' is required by BeforeTest on method beforeTest but has not been marked @Optional or defined
in C:\Users\adelpino.CHF\AppData\Local\Temp\testng-eclipse-578812805\testng-customsuite.xml
at org.testng.internal.Parameters.createParams(Parameters.java:267)
at org.testng.internal.Parameters.createParametersForMethod(Parameters.java:355)
at org.testng.internal.Parameters.createParameters(Parameters.java:684)
at org.testng.internal.Parameters.createConfigurationParameters(Parameters.java:166)
at org.testng.internal.invokers.ConfigInvoker.invokeConfigurations(ConfigInvoker.java:277)
at org.testng.TestRunner.invokeTestConfigurations(TestRunner.java:643)
at org.testng.TestRunner.beforeRun(TestRunner.java:632)
at org.testng.TestRunner.run(TestRunner.java:594)
at org.testng.SuiteRunner.runTest(SuiteRunner.java:433)
at org.testng.SuiteRunner.runSequentially(SuiteRunner.java:427)
at org.testng.SuiteRunner.privateRun(SuiteRunner.java:387)
at org.testng.SuiteRunner.run(SuiteRunner.java:330)
at org.testng.SuiteRunnerWorker.runSuite(SuiteRunnerWorker.java:52)
at org.testng.SuiteRunnerWorker.run(SuiteRunnerWorker.java:95)
at org.testng.TestNG.runSuitesSequentially(TestNG.java:1256)
at org.testng.TestNG.runSuitesLocally(TestNG.java:1176)
at org.testng.TestNG.runSuites(TestNG.java:1099)
at org.testng.TestNG.run(TestNG.java:1067)
at org.testng.remote.AbstractRemoteTestNG.run(AbstractRemoteTestNG.java:115)
at org.testng.remote.RemoteTestNG.initAndRun(RemoteTestNG.java:251)
at org.testng.remote.RemoteTestNG.main(RemoteTestNG.java:77)
]]>
    </error>
  </testcase> <!-- beforeTest -->
  <system-out/>
  <testcase classname="Selenium.TestNG.TestCase1" name="contactUs" time="0.000">
    <skipped/>
  </testcase> <!-- contactUs -->
  <system-out/>
  <testcase classname="Selenium.TestNG.TestCase1" name="contactUs" time="0.000">
    <skipped/>
  </testcase> <!-- contactUs -->
  <system-out/>
  <testcase classname="Selenium.TestNG.TestCase1" name="contactUs" time="0.000">
    <skipped/>
  </testcase> <!-- contactUs -->
  <system-out/>
</testsuite> <!-- Selenium.TestNG.TestCase1 -->
